<?xml version="1.0" encoding="UTF-8"?>
<!-- Generated by org.testng.reporters.JUnitXMLReporter -->
<testsuite ignored="0" hostname="DESKTOP-281P9LJ" failures="1" tests="8" name="Test" time="47.223" errors="0" timestamp="2025-08-21T10:28:09 IST">
  <testcase classname="testCases.TC001_RegPage" name="verify_account_registration" time="2.92"/>
  <testcase classname="testCases.TC002_loginPage" name="verify_login" time="4.162"/>
  <testcase classname="testCases.TC003_LoginDDT" name="verify_LoginDDT" time="4.588"/>
  <testcase classname="testCases.TC003_LoginDDT" name="verify_LoginDDT" time="3.6"/>
  <testcase classname="testCases.TC003_LoginDDT" name="verify_LoginDDT" time="3.817"/>
  <testcase classname="testCases.TC003_LoginDDT" name="verify_LoginDDT" time="3.567"/>
  <testcase classname="testCases.TC003_LoginDDT" name="verify_LoginDDT" time="3.956">
    <failure type="junit.framework.AssertionFailedError">
      <![CDATA[junit.framework.AssertionFailedError
at junit.framework.Assert.fail(Assert.java:47)
at junit.framework.Assert.assertTrue(Assert.java:20)
at junit.framework.Assert.assertTrue(Assert.java:27)
at testCases.TC003_LoginDDT.verify_LoginDDT(TC003_LoginDDT.java:46)
at java.base/java.util.ArrayList.forEach(ArrayList.java:1604)
... Removed 29 stack frames]]>
    </failure>
  </testcase> <!-- verify_LoginDDT -->
  <testcase classname="testCases.TC004_SearchTest" name="verify_search" time="2.632"/>
</testsuite> <!-- Test -->
