<?xml version="1.0" encoding="UTF-8"?>
<!-- Generated by org.testng.reporters.JUnitXMLReporter -->
<testsuite ignored="0" hostname="DESKTOP-281P9LJ" failures="0" tests="8" name="Test" time="47.692" errors="0" timestamp="2025-08-21T15:09:07 IST">
  <testcase classname="testCases.TC001_RegPage" name="verify_account_registration" time="2.934"/>
  <testcase classname="testCases.TC002_loginPage" name="verify_login" time="3.873"/>
  <testcase classname="testCases.TC003_LoginDDT" name="verify_LoginDDT" time="4.417"/>
  <testcase classname="testCases.TC003_LoginDDT" name="verify_LoginDDT" time="3.736"/>
  <testcase classname="testCases.TC003_LoginDDT" name="verify_LoginDDT" time="3.659"/>
  <testcase classname="testCases.TC003_LoginDDT" name="verify_LoginDDT" time="3.857"/>
  <testcase classname="testCases.TC003_LoginDDT" name="verify_LoginDDT" time="4.56"/>
  <testcase classname="testCases.TC004_SearchTest" name="verify_search" time="3.45"/>
</testsuite> <!-- Test -->
