<?xml version="1.0" encoding="UTF-8"?>
<!-- Generated by org.testng.reporters.JUnitXMLReporter -->
<testsuite ignored="0" hostname="DESKTOP-281P9LJ" failures="1" tests="1" name="Test(failed)" time="3.899" errors="0" timestamp="2025-07-31T10:27:51 IST">
  <testcase classname="testCases.TC002_loginPage" name="verify_login" time="0.18">
    <failure type="java.lang.AssertionError" message="null">
      <![CDATA[java.lang.AssertionError: null
at testCases.TC002_loginPage.verify_login(TC002_loginPage.java:30)
at java.base/java.util.ArrayList.forEach(ArrayList.java:1596)
... Removed 27 stack frames]]>
    </failure>
  </testcase> <!-- verify_login -->
</testsuite> <!-- Test(failed) -->
