<?xml version="1.0" encoding="UTF-8"?>
<testng-results ignored="0" total="8" passed="8" failed="0" skipped="0">
  <reporter-output>
  </reporter-output>
  <suite started-at="2025-08-21T15:08:17 IST" name="Suite" finished-at="2025-08-21T15:09:05 IST" duration-ms="47692">
    <groups>
      <group name="Master">
        <method signature="TC001_RegPage.verify_account_registration()[pri:0, instance:testCases.TC001_RegPage@512baff6]" name="verify_account_registration" class="testCases.TC001_RegPage"/>
        <method signature="TC002_loginPage.verify_login()[pri:0, instance:testCases.TC002_loginPage@130e116b]" name="verify_login" class="testCases.TC002_loginPage"/>
        <method signature="TC004_SearchTest.verify_search()[pri:0, instance:testCases.TC004_SearchTest@5ddf0d24]" name="verify_search" class="testCases.TC004_SearchTest"/>
      </group> <!-- Master -->
      <group name="Sanity">
        <method signature="TC001_RegPage.verify_account_registration()[pri:0, instance:testCases.TC001_RegPage@512baff6]" name="verify_account_registration" class="testCases.TC001_RegPage"/>
        <method signature="TC004_SearchTest.verify_search()[pri:0, instance:testCases.TC004_SearchTest@5ddf0d24]" name="verify_search" class="testCases.TC004_SearchTest"/>
      </group> <!-- Sanity -->
      <group name="Regration">
        <method signature="TC002_loginPage.verify_login()[pri:0, instance:testCases.TC002_loginPage@130e116b]" name="verify_login" class="testCases.TC002_loginPage"/>
      </group> <!-- Regration -->
    </groups>
    <test started-at="2025-08-21T15:08:17 IST" name="Test" finished-at="2025-08-21T15:09:05 IST" duration-ms="47692">
      <class name="testCases.TC004_SearchTest">
        <test-method is-config="true" signature="setup(java.lang.String,java.lang.String)[pri:0, instance:testCases.TC004_SearchTest@5ddf0d24]" started-at="2025-08-21T15:08:58 IST" name="setup" finished-at="2025-08-21T15:09:01 IST" duration-ms="3667" status="PASS">
          <params>
            <param index="0">
              <value>
                <![CDATA[Windows]]>
              </value>
            </param>
            <param index="1">
              <value>
                <![CDATA[chrome]]>
              </value>
            </param>
          </params>
          <reporter-output>
          </reporter-output>
        </test-method> <!-- setup -->
        <test-method signature="verify_search()[pri:0, instance:testCases.TC004_SearchTest@5ddf0d24]" started-at="2025-08-21T15:09:01 IST" name="verify_search" finished-at="2025-08-21T15:09:05 IST" duration-ms="3450" status="PASS">
          <reporter-output>
          </reporter-output>
        </test-method> <!-- verify_search -->
        <test-method is-config="true" signature="teardown()[pri:0, instance:testCases.TC004_SearchTest@5ddf0d24]" started-at="2025-08-21T15:09:05 IST" name="teardown" finished-at="2025-08-21T15:09:05 IST" duration-ms="207" status="PASS">
          <reporter-output>
          </reporter-output>
        </test-method> <!-- teardown -->
      </class> <!-- testCases.TC004_SearchTest -->
      <class name="testCases.TC003_LoginDDT">
        <test-method is-config="true" signature="setup(java.lang.String,java.lang.String)[pri:0, instance:testCases.TC003_LoginDDT@e383572]" started-at="2025-08-21T15:08:31 IST" name="setup" finished-at="2025-08-21T15:08:35 IST" duration-ms="3924" status="PASS">
          <params>
            <param index="0">
              <value>
                <![CDATA[Windows]]>
              </value>
            </param>
            <param index="1">
              <value>
                <![CDATA[chrome]]>
              </value>
            </param>
          </params>
          <reporter-output>
          </reporter-output>
        </test-method> <!-- setup -->
        <test-method signature="verify_LoginDDT(java.lang.String,java.lang.String,java.lang.String)[pri:0, instance:testCases.TC003_LoginDDT@e383572]" started-at="2025-08-21T15:08:37 IST" name="verify_LoginDDT" data-provider="username_passwords" finished-at="2025-08-21T15:08:41 IST" duration-ms="4417" status="PASS">
          <params>
            <param index="0">
              <value>
                <![CDATA[vigneshviggy752@gmail.com]]>
              </value>
            </param>
            <param index="1">
              <value>
                <![CDATA[9390254710]]>
              </value>
            </param>
            <param index="2">
              <value>
                <![CDATA[valid]]>
              </value>
            </param>
          </params>
          <reporter-output>
          </reporter-output>
        </test-method> <!-- verify_LoginDDT -->
        <test-method signature="verify_LoginDDT(java.lang.String,java.lang.String,java.lang.String)[pri:0, instance:testCases.TC003_LoginDDT@e383572]" started-at="2025-08-21T15:08:41 IST" name="verify_LoginDDT" data-provider="username_passwords" finished-at="2025-08-21T15:08:45 IST" duration-ms="3736" status="PASS">
          <params>
            <param index="0">
              <value>
                <![CDATA[sunnypatel@gmail.com]]>
              </value>
            </param>
            <param index="1">
              <value>
                <![CDATA[hhykdjj32]]>
              </value>
            </param>
            <param index="2">
              <value>
                <![CDATA[invalid]]>
              </value>
            </param>
          </params>
          <reporter-output>
          </reporter-output>
        </test-method> <!-- verify_LoginDDT -->
        <test-method signature="verify_LoginDDT(java.lang.String,java.lang.String,java.lang.String)[pri:0, instance:testCases.TC003_LoginDDT@e383572]" started-at="2025-08-21T15:08:45 IST" name="verify_LoginDDT" data-provider="username_passwords" finished-at="2025-08-21T15:08:49 IST" duration-ms="3659" status="PASS">
          <params>
            <param index="0">
              <value>
                <![CDATA[tej@gmail.com]]>
              </value>
            </param>
            <param index="1">
              <value>
                <![CDATA[hyhdytfr32]]>
              </value>
            </param>
            <param index="2">
              <value>
                <![CDATA[invalid]]>
              </value>
            </param>
          </params>
          <reporter-output>
          </reporter-output>
        </test-method> <!-- verify_LoginDDT -->
        <test-method signature="verify_LoginDDT(java.lang.String,java.lang.String,java.lang.String)[pri:0, instance:testCases.TC003_LoginDDT@e383572]" started-at="2025-08-21T15:08:49 IST" name="verify_LoginDDT" data-provider="username_passwords" finished-at="2025-08-21T15:08:53 IST" duration-ms="3857" status="PASS">
          <params>
            <param index="0">
              <value>
                <![CDATA[panda@gmail.com]]>
              </value>
            </param>
            <param index="1">
              <value>
                <![CDATA[njhgsrww12]]>
              </value>
            </param>
            <param index="2">
              <value>
                <![CDATA[invalid]]>
              </value>
            </param>
          </params>
          <reporter-output>
          </reporter-output>
        </test-method> <!-- verify_LoginDDT -->
        <test-method signature="verify_LoginDDT(java.lang.String,java.lang.String,java.lang.String)[pri:0, instance:testCases.TC003_LoginDDT@e383572]" started-at="2025-08-21T15:08:53 IST" name="verify_LoginDDT" data-provider="username_passwords" finished-at="2025-08-21T15:08:57 IST" duration-ms="4560" status="PASS">
          <params>
            <param index="0">
              <value>
                <![CDATA[tejabellamkonda25@gmail.com]]>
              </value>
            </param>
            <param index="1">
              <value>
                <![CDATA[Sunny@1234]]>
              </value>
            </param>
            <param index="2">
              <value>
                <![CDATA[valid]]>
              </value>
            </param>
          </params>
          <reporter-output>
          </reporter-output>
        </test-method> <!-- verify_LoginDDT -->
        <test-method is-config="true" signature="teardown()[pri:0, instance:testCases.TC003_LoginDDT@e383572]" started-at="2025-08-21T15:08:57 IST" name="teardown" finished-at="2025-08-21T15:08:58 IST" duration-ms="284" status="PASS">
          <reporter-output>
          </reporter-output>
        </test-method> <!-- teardown -->
      </class> <!-- testCases.TC003_LoginDDT -->
      <class name="testCases.TC001_RegPage">
        <test-method is-config="true" signature="setup(java.lang.String,java.lang.String)[pri:0, instance:testCases.TC001_RegPage@512baff6]" started-at="2025-08-21T15:08:17 IST" name="setup" finished-at="2025-08-21T15:08:21 IST" duration-ms="3311" status="PASS">
          <params>
            <param index="0">
              <value>
                <![CDATA[Windows]]>
              </value>
            </param>
            <param index="1">
              <value>
                <![CDATA[chrome]]>
              </value>
            </param>
          </params>
          <reporter-output>
          </reporter-output>
        </test-method> <!-- setup -->
        <test-method signature="verify_account_registration()[pri:0, instance:testCases.TC001_RegPage@512baff6]" started-at="2025-08-21T15:08:21 IST" name="verify_account_registration" finished-at="2025-08-21T15:08:24 IST" duration-ms="2934" status="PASS">
          <reporter-output>
          </reporter-output>
        </test-method> <!-- verify_account_registration -->
        <test-method is-config="true" signature="teardown()[pri:0, instance:testCases.TC001_RegPage@512baff6]" started-at="2025-08-21T15:08:24 IST" name="teardown" finished-at="2025-08-21T15:08:24 IST" duration-ms="277" status="PASS">
          <reporter-output>
          </reporter-output>
        </test-method> <!-- teardown -->
      </class> <!-- testCases.TC001_RegPage -->
      <class name="testCases.TC002_loginPage">
        <test-method is-config="true" signature="setup(java.lang.String,java.lang.String)[pri:0, instance:testCases.TC002_loginPage@130e116b]" started-at="2025-08-21T15:08:24 IST" name="setup" finished-at="2025-08-21T15:08:27 IST" duration-ms="2693" status="PASS">
          <params>
            <param index="0">
              <value>
                <![CDATA[Windows]]>
              </value>
            </param>
            <param index="1">
              <value>
                <![CDATA[chrome]]>
              </value>
            </param>
          </params>
          <reporter-output>
          </reporter-output>
        </test-method> <!-- setup -->
        <test-method signature="verify_login()[pri:0, instance:testCases.TC002_loginPage@130e116b]" started-at="2025-08-21T15:08:27 IST" name="verify_login" finished-at="2025-08-21T15:08:31 IST" duration-ms="3873" status="PASS">
          <reporter-output>
          </reporter-output>
        </test-method> <!-- verify_login -->
        <test-method is-config="true" signature="teardown()[pri:0, instance:testCases.TC002_loginPage@130e116b]" started-at="2025-08-21T15:08:31 IST" name="teardown" finished-at="2025-08-21T15:08:31 IST" duration-ms="252" status="PASS">
          <reporter-output>
          </reporter-output>
        </test-method> <!-- teardown -->
      </class> <!-- testCases.TC002_loginPage -->
    </test> <!-- Test -->
  </suite> <!-- Suite -->
</testng-results>
